Resolving dependencies...
Downloading packages...
  _fe_analyzer_shared 67.0.0 (93.0.0 available)
  analyzer 6.4.1 (10.0.1 available)
  build 2.4.1 (4.0.4 available)
  build_config 1.1.2 (1.2.0 available)
  build_resolvers 2.4.2 (3.0.4 available)
  build_runner 2.4.13 (2.10.5 available)
  build_runner_core 7.3.2 (9.3.2 available)
  characters 1.4.0 (1.4.1 available)
  dart_style 2.3.6 (3.1.4 available)
  dio 5.9.0 (5.9.1 available)
  flutter_markdown 0.6.23 (discontinued replaced by flutter_markdown_plus)
  flutter_riverpod 2.6.1 (3.2.0 available)
  go_router 12.1.3 (17.0.1 available)
  intl 0.18.1 (0.20.2 available)
  matcher 0.12.17 (0.12.18 available)
  material_color_utilities 0.11.1 (0.13.0 available)
  meta 1.17.0 (1.18.1 available)
  mockito 5.4.4 (5.6.3 available)
  riverpod 2.6.1 (3.2.0 available)
  shelf_web_socket 2.0.1 (3.0.0 available)
  source_gen 1.5.0 (4.2.0 available)
  source_helper 1.3.5 (1.3.10 available)
  test_api 0.7.7 (0.7.9 available)
Got dependencies!
1 package is discontinued.
23 packages have newer versions incompatible with dependency constraints.
Try `flutter pub outdated` for more information.
Launching lib/main.dart on Web Server in debug mode...
Waiting for connection from debug service on Web Server...         34.1s
lib/main.dart is being served at http://localhost:8080
The web-server device requires the Dart Debug Chrome extension for debugging. Consider using the Chrome or Edge devices for an improved development workflow.

Flutter run key commands.
r Hot reload. 🔥🔥🔥
R Hot restart.
h List all available interactive commands.
d Detach (terminate "flutter run" but leave application running).
c Clear the screen
q Quit (terminate the application on the device).
